<?xml version="1.0" encoding="UTF-8"?>
<testng-results skipped="0" failed="1" total="2" passed="1">
  <reporter-output>
  </reporter-output>
  <suite name="Suite" duration-ms="139491" started-at="2016-04-17T16:55:46Z" finished-at="2016-04-17T16:58:06Z">
    <groups>
    </groups>
    <test name="Test" duration-ms="139491" started-at="2016-04-17T16:55:46Z" finished-at="2016-04-17T16:58:06Z">
      <class name="testholder.textHolder1">
        <test-method status="PASS" signature="InIntializeLogs()[pri:0, instance:testholder.textHolder1@2a18f23c]" name="InIntializeLogs" is-config="true" duration-ms="226" started-at="2016-04-17T11:55:46Z" finished-at="2016-04-17T11:55:46Z">
          <reporter-output>
          </reporter-output>
        </test-method> <!-- InIntializeLogs -->
        <test-method status="PASS" signature="InitializeSelenium(java.lang.String)[pri:0, instance:testholder.textHolder1@2a18f23c]" name="InitializeSelenium" is-config="true" duration-ms="13332" started-at="2016-04-17T11:55:46Z" finished-at="2016-04-17T11:56:00Z">
          <params>
            <param index="0">
              <value>
                <![CDATA[https://www.orbitz.com/]]>
              </value>
            </param>
          </params>
          <reporter-output>
          </reporter-output>
        </test-method> <!-- InitializeSelenium -->
        <test-method status="PASS" signature="TestCase1(java.lang.String, java.lang.String)[pri:0, instance:testholder.textHolder1@2a18f23c]" name="TestCase1" duration-ms="14208" started-at="2016-04-17T11:56:00Z" finished-at="2016-04-17T11:56:14Z">
          <params>
            <param index="0">
              <value>
                <![CDATA[C:\Users\sandeep\msv\Framework\src\xlsx\Orbitz.xlsx]]>
              </value>
            </param>
            <param index="1">
              <value>
                <![CDATA[TestCase1]]>
              </value>
            </param>
          </params>
          <reporter-output>
          </reporter-output>
        </test-method> <!-- TestCase1 -->
        <test-method status="FAIL" signature="TestCase2(java.lang.String, java.lang.String)[pri:0, instance:testholder.textHolder1@2a18f23c]" name="TestCase2" duration-ms="111478" started-at="2016-04-17T11:56:14Z" finished-at="2016-04-17T11:58:05Z">
          <params>
            <param index="0">
              <value>
                <![CDATA[C:\Users\sandeep\msv\Framework\src\xlsx\Orbitz.xlsx]]>
              </value>
            </param>
            <param index="1">
              <value>
                <![CDATA[TestCase2]]>
              </value>
            </param>
          </params>
          <exception class="org.openqa.selenium.TimeoutException">
            <message>
              <![CDATA[Timed out after 60 seconds waiting for visibility of element located by By.xpath: //*[@id='package-origin']
Build info: version: '2.50.0', revision: '1070ace', time: '2016-01-27 18:43:24'
System info: host: 'DESKTOP-QD4L39H', ip: '192.168.1.14', os.name: 'Windows 10', os.arch: 'amd64', os.version: '10.0', java.version: '1.8.0_71'
Driver info: driver.version: ActionDriver]]>
            </message>
            <full-stacktrace>
              <![CDATA[org.openqa.selenium.TimeoutException: Timed out after 60 seconds waiting for visibility of element located by By.xpath: //*[@id='package-origin']
Build info: version: '2.50.0', revision: '1070ace', time: '2016-01-27 18:43:24'
System info: host: 'DESKTOP-QD4L39H', ip: '192.168.1.14', os.name: 'Windows 10', os.arch: 'amd64', os.version: '10.0', java.version: '1.8.0_71'
Driver info: driver.version: ActionDriver
	at org.openqa.selenium.support.ui.FluentWait.timeoutException(FluentWait.java:292)
	at org.openqa.selenium.support.ui.FluentWait.until(FluentWait.java:261)
	at seleniumcore.ActionDriver.pollForAnElementXpath(ActionDriver.java:271)
	at seleniumcore.ActionDriver.FindElement(ActionDriver.java:84)
	at seleniumcore.ActionDriver.type(ActionDriver.java:169)
	at TestExecutor.TestExecutor.ReadAndExecuteStepsInXLSheet(TestExecutor.java:106)
	at testholder.textHolder1.TestCase2(textHolder1.java:32)
	at sun.reflect.NativeMethodAccessorImpl.invoke0(Native Method)
	at sun.reflect.NativeMethodAccessorImpl.invoke(NativeMethodAccessorImpl.java:62)
	at sun.reflect.DelegatingMethodAccessorImpl.invoke(DelegatingMethodAccessorImpl.java:43)
	at java.lang.reflect.Method.invoke(Method.java:497)
	at org.testng.internal.MethodInvocationHelper.invokeMethod(MethodInvocationHelper.java:85)
	at org.testng.internal.Invoker.invokeMethod(Invoker.java:659)
	at org.testng.internal.Invoker.invokeTestMethod(Invoker.java:845)
	at org.testng.internal.Invoker.invokeTestMethods(Invoker.java:1153)
	at org.testng.internal.TestMethodWorker.invokeTestMethods(TestMethodWorker.java:125)
	at org.testng.internal.TestMethodWorker.run(TestMethodWorker.java:108)
	at org.testng.TestRunner.privateRun(TestRunner.java:771)
	at org.testng.TestRunner.run(TestRunner.java:621)
	at org.testng.SuiteRunner.runTest(SuiteRunner.java:357)
	at org.testng.SuiteRunner.runSequentially(SuiteRunner.java:352)
	at org.testng.SuiteRunner.privateRun(SuiteRunner.java:310)
	at org.testng.SuiteRunner.run(SuiteRunner.java:259)
	at org.testng.SuiteRunnerWorker.runSuite(SuiteRunnerWorker.java:52)
	at org.testng.SuiteRunnerWorker.run(SuiteRunnerWorker.java:86)
	at org.testng.TestNG.runSuitesSequentially(TestNG.java:1199)
	at org.testng.TestNG.runSuitesLocally(TestNG.java:1124)
	at org.testng.TestNG.run(TestNG.java:1032)
	at org.testng.remote.RemoteTestNG.run(RemoteTestNG.java:111)
	at org.testng.remote.RemoteTestNG.initAndRun(RemoteTestNG.java:204)
	at org.testng.remote.RemoteTestNG.main(RemoteTestNG.java:175)
]]>
            </full-stacktrace>
          </exception> <!-- org.openqa.selenium.TimeoutException -->
          <reporter-output>
          </reporter-output>
        </test-method> <!-- TestCase2 -->
        <test-method status="PASS" signature="CloseBrowser()[pri:0, instance:testholder.textHolder1@2a18f23c]" name="CloseBrowser" is-config="true" duration-ms="433" started-at="2016-04-17T11:58:05Z" finished-at="2016-04-17T11:58:06Z">
          <reporter-output>
          </reporter-output>
        </test-method> <!-- CloseBrowser -->
      </class> <!-- testholder.textHolder1 -->
    </test> <!-- Test -->
  </suite> <!-- Suite -->
</testng-results>
